Analysis & Synthesis report for traba_1_vlsi_top
Fri Oct 21 19:18:12 2022
Quartus Prime Version 20.1.1 Build 720 11/11/2020 SJ Lite Edition


---------------------
; Table of Contents ;
---------------------
  1. Legal Notice
  2. Analysis & Synthesis Summary
  3. Analysis & Synthesis Settings
  4. Parallel Compilation
  5. Analysis & Synthesis Source Files Read
  6. Analysis & Synthesis Resource Usage Summary
  7. Analysis & Synthesis Resource Utilization by Entity
  8. Registers Removed During Synthesis
  9. Removed Registers Triggering Further Register Optimizations
 10. General Register Statistics
 11. Port Connectivity Checks: "buzzer:buzzer"
 12. Post-Synthesis Netlist Statistics for Top Partition
 13. Elapsed Time Per Partition
 14. Analysis & Synthesis Messages



----------------
; Legal Notice ;
----------------
Copyright (C) 2020  Intel Corporation. All rights reserved.
Your use of Intel Corporation's design tools, logic functions 
and other software and tools, and any partner logic 
functions, and any output files from any of the foregoing 
(including device programming or simulation files), and any 
associated documentation or information are expressly subject 
to the terms and conditions of the Intel Program License 
Subscription Agreement, the Intel Quartus Prime License Agreement,
the Intel FPGA IP License Agreement, or other applicable license
agreement, including, without limitation, that your use is for
the sole purpose of programming logic devices manufactured by
Intel and sold by Intel or its authorized distributors.  Please
refer to the applicable agreement for further details, at
https://fpgasoftware.intel.com/eula.



+----------------------------------------------------------------------------------+
; Analysis & Synthesis Summary                                                     ;
+------------------------------------+---------------------------------------------+
; Analysis & Synthesis Status        ; Successful - Fri Oct 21 19:18:12 2022       ;
; Quartus Prime Version              ; 20.1.1 Build 720 11/11/2020 SJ Lite Edition ;
; Revision Name                      ; traba_1_vlsi_top                            ;
; Top-level Entity Name              ; traba_1_vlsi_top                            ;
; Family                             ; Cyclone IV E                                ;
; Total logic elements               ; 0                                           ;
;     Total combinational functions  ; 0                                           ;
;     Dedicated logic registers      ; 0                                           ;
; Total registers                    ; 0                                           ;
; Total pins                         ; 10                                          ;
; Total virtual pins                 ; 0                                           ;
; Total memory bits                  ; 0                                           ;
; Embedded Multiplier 9-bit elements ; 0                                           ;
; Total PLLs                         ; 0                                           ;
+------------------------------------+---------------------------------------------+


+------------------------------------------------------------------------------------------------------------+
; Analysis & Synthesis Settings                                                                              ;
+------------------------------------------------------------------+--------------------+--------------------+
; Option                                                           ; Setting            ; Default Value      ;
+------------------------------------------------------------------+--------------------+--------------------+
; Device                                                           ; EP4CE6E22C8        ;                    ;
; Top-level entity name                                            ; traba_1_vlsi_top   ; traba_1_vlsi_top   ;
; Family name                                                      ; Cyclone IV E       ; Cyclone V          ;
; Use smart compilation                                            ; Off                ; Off                ;
; Enable parallel Assembler and Timing Analyzer during compilation ; On                 ; On                 ;
; Enable compact report table                                      ; Off                ; Off                ;
; Restructure Multiplexers                                         ; Auto               ; Auto               ;
; Create Debugging Nodes for IP Cores                              ; Off                ; Off                ;
; Preserve fewer node names                                        ; On                 ; On                 ;
; Intel FPGA IP Evaluation Mode                                    ; Enable             ; Enable             ;
; Verilog Version                                                  ; Verilog_2001       ; Verilog_2001       ;
; VHDL Version                                                     ; VHDL_1993          ; VHDL_1993          ;
; State Machine Processing                                         ; Auto               ; Auto               ;
; Safe State Machine                                               ; Off                ; Off                ;
; Extract Verilog State Machines                                   ; On                 ; On                 ;
; Extract VHDL State Machines                                      ; On                 ; On                 ;
; Ignore Verilog initial constructs                                ; Off                ; Off                ;
; Iteration limit for constant Verilog loops                       ; 5000               ; 5000               ;
; Iteration limit for non-constant Verilog loops                   ; 250                ; 250                ;
; Add Pass-Through Logic to Inferred RAMs                          ; On                 ; On                 ;
; Infer RAMs from Raw Logic                                        ; On                 ; On                 ;
; Parallel Synthesis                                               ; On                 ; On                 ;
; DSP Block Balancing                                              ; Auto               ; Auto               ;
; NOT Gate Push-Back                                               ; On                 ; On                 ;
; Power-Up Don't Care                                              ; On                 ; On                 ;
; Remove Redundant Logic Cells                                     ; Off                ; Off                ;
; Remove Duplicate Registers                                       ; On                 ; On                 ;
; Ignore CARRY Buffers                                             ; Off                ; Off                ;
; Ignore CASCADE Buffers                                           ; Off                ; Off                ;
; Ignore GLOBAL Buffers                                            ; Off                ; Off                ;
; Ignore ROW GLOBAL Buffers                                        ; Off                ; Off                ;
; Ignore LCELL Buffers                                             ; Off                ; Off                ;
; Ignore SOFT Buffers                                              ; On                 ; On                 ;
; Limit AHDL Integers to 32 Bits                                   ; Off                ; Off                ;
; Optimization Technique                                           ; Balanced           ; Balanced           ;
; Carry Chain Length                                               ; 70                 ; 70                 ;
; Auto Carry Chains                                                ; On                 ; On                 ;
; Auto Open-Drain Pins                                             ; On                 ; On                 ;
; Perform WYSIWYG Primitive Resynthesis                            ; Off                ; Off                ;
; Auto ROM Replacement                                             ; On                 ; On                 ;
; Auto RAM Replacement                                             ; On                 ; On                 ;
; Auto DSP Block Replacement                                       ; On                 ; On                 ;
; Auto Shift Register Replacement                                  ; Auto               ; Auto               ;
; Allow Shift Register Merging across Hierarchies                  ; Auto               ; Auto               ;
; Auto Clock Enable Replacement                                    ; On                 ; On                 ;
; Strict RAM Replacement                                           ; Off                ; Off                ;
; Allow Synchronous Control Signals                                ; On                 ; On                 ;
; Force Use of Synchronous Clear Signals                           ; Off                ; Off                ;
; Auto RAM Block Balancing                                         ; On                 ; On                 ;
; Auto RAM to Logic Cell Conversion                                ; Off                ; Off                ;
; Auto Resource Sharing                                            ; Off                ; Off                ;
; Allow Any RAM Size For Recognition                               ; Off                ; Off                ;
; Allow Any ROM Size For Recognition                               ; Off                ; Off                ;
; Allow Any Shift Register Size For Recognition                    ; Off                ; Off                ;
; Use LogicLock Constraints during Resource Balancing              ; On                 ; On                 ;
; Ignore translate_off and synthesis_off directives                ; Off                ; Off                ;
; Timing-Driven Synthesis                                          ; On                 ; On                 ;
; Report Parameter Settings                                        ; On                 ; On                 ;
; Report Source Assignments                                        ; On                 ; On                 ;
; Report Connectivity Checks                                       ; On                 ; On                 ;
; Ignore Maximum Fan-Out Assignments                               ; Off                ; Off                ;
; Synchronization Register Chain Length                            ; 2                  ; 2                  ;
; Power Optimization During Synthesis                              ; Normal compilation ; Normal compilation ;
; HDL message level                                                ; Level2             ; Level2             ;
; Suppress Register Optimization Related Messages                  ; Off                ; Off                ;
; Number of Removed Registers Reported in Synthesis Report         ; 5000               ; 5000               ;
; Number of Swept Nodes Reported in Synthesis Report               ; 5000               ; 5000               ;
; Number of Inverted Registers Reported in Synthesis Report        ; 100                ; 100                ;
; Clock MUX Protection                                             ; On                 ; On                 ;
; Auto Gated Clock Conversion                                      ; Off                ; Off                ;
; Block Design Naming                                              ; Auto               ; Auto               ;
; SDC constraint protection                                        ; Off                ; Off                ;
; Synthesis Effort                                                 ; Auto               ; Auto               ;
; Shift Register Replacement - Allow Asynchronous Clear Signal     ; On                 ; On                 ;
; Pre-Mapping Resynthesis Optimization                             ; Off                ; Off                ;
; Analysis & Synthesis Message Level                               ; Medium             ; Medium             ;
; Disable Register Merging Across Hierarchies                      ; Auto               ; Auto               ;
; Resource Aware Inference For Block RAM                           ; On                 ; On                 ;
+------------------------------------------------------------------+--------------------+--------------------+


+------------------------------------------+
; Parallel Compilation                     ;
+----------------------------+-------------+
; Processors                 ; Number      ;
+----------------------------+-------------+
; Number detected on machine ; 8           ;
; Maximum allowed            ; 8           ;
;                            ;             ;
; Average used               ; 1.00        ;
; Maximum used               ; 1           ;
;                            ;             ;
; Usage by Processor         ; % Time Used ;
;     Processor 1            ; 100.0%      ;
+----------------------------+-------------+


+---------------------------------------------------------------------------------------------------------------------------------------------------------------------------------------+
; Analysis & Synthesis Source Files Read                                                                                                                                                ;
+----------------------------------+-----------------+-----------------+------------------------------------------------------------------------------------------------------+---------+
; File Name with User-Entered Path ; Used in Netlist ; File Type       ; File Name with Absolute Path                                                                         ; Library ;
+----------------------------------+-----------------+-----------------+------------------------------------------------------------------------------------------------------+---------+
; traba_1_vlsi_top.vhd             ; yes             ; User VHDL File  ; C:/Users/Usuario/OneDrive/Documentos/Meuprojetoaula1/projetos-vhdl/Traba_1_vlsi/traba_1_vlsi_top.vhd ;         ;
; traba_1_vlsi.vhd                 ; yes             ; User VHDL File  ; C:/Users/Usuario/OneDrive/Documentos/Meuprojetoaula1/projetos-vhdl/Traba_1_vlsi/traba_1_vlsi.vhd     ;         ;
; synchro.vhd                      ; yes             ; User VHDL File  ; C:/Users/Usuario/OneDrive/Documentos/Meuprojetoaula1/projetos-vhdl/Traba_1_vlsi/synchro.vhd          ;         ;
; debounce.vhd                     ; yes             ; User VHDL File  ; C:/Users/Usuario/OneDrive/Documentos/Meuprojetoaula1/projetos-vhdl/Traba_1_vlsi/debounce.vhd         ;         ;
; buzzer.vhd                       ; yes             ; User VHDL File  ; C:/Users/Usuario/OneDrive/Documentos/Meuprojetoaula1/projetos-vhdl/Traba_1_vlsi/buzzer.vhd           ;         ;
+----------------------------------+-----------------+-----------------+------------------------------------------------------------------------------------------------------+---------+


+-----------------------------------------------------+
; Analysis & Synthesis Resource Usage Summary         ;
+---------------------------------------------+-------+
; Resource                                    ; Usage ;
+---------------------------------------------+-------+
;                                             ;       ;
; Total combinational functions               ; 0     ;
; Logic element usage by number of LUT inputs ;       ;
;     -- 4 input functions                    ; 0     ;
;     -- 3 input functions                    ; 0     ;
;     -- <=2 input functions                  ; 0     ;
;                                             ;       ;
; Logic elements by mode                      ;       ;
;     -- normal mode                          ; 0     ;
;     -- arithmetic mode                      ; 0     ;
;                                             ;       ;
; Total registers                             ; 0     ;
;     -- Dedicated logic registers            ; 0     ;
;     -- I/O registers                        ; 0     ;
;                                             ;       ;
; I/O pins                                    ; 10    ;
;                                             ;       ;
; Embedded Multiplier 9-bit elements          ; 0     ;
;                                             ;       ;
; Maximum fan-out node                        ; clock ;
; Maximum fan-out                             ; 1     ;
; Total fan-out                               ; 10    ;
; Average fan-out                             ; 0.50  ;
+---------------------------------------------+-------+


+---------------------------------------------------------------------------------------------------------------------------------------------------------------------------------------------------------------+
; Analysis & Synthesis Resource Utilization by Entity                                                                                                                                                           ;
+----------------------------+---------------------+---------------------------+-------------+--------------+---------+-----------+------+--------------+---------------------+------------------+--------------+
; Compilation Hierarchy Node ; Combinational ALUTs ; Dedicated Logic Registers ; Memory Bits ; DSP Elements ; DSP 9x9 ; DSP 18x18 ; Pins ; Virtual Pins ; Full Hierarchy Name ; Entity Name      ; Library Name ;
+----------------------------+---------------------+---------------------------+-------------+--------------+---------+-----------+------+--------------+---------------------+------------------+--------------+
; |traba_1_vlsi_top          ; 0 (0)               ; 0 (0)                     ; 0           ; 0            ; 0       ; 0         ; 10   ; 0            ; |traba_1_vlsi_top   ; traba_1_vlsi_top ; work         ;
+----------------------------+---------------------+---------------------------+-------------+--------------+---------+-----------+------+--------------+---------------------+------------------+--------------+
Note: For table entries with two numbers listed, the numbers in parentheses indicate the number of resources of the given type used by the specific entity alone. The numbers listed outside of parentheses indicate the total resources of the given type used by the specific entity and all of its sub-entities in the hierarchy.


+--------------------------------------------------------------------------------------+
; Registers Removed During Synthesis                                                   ;
+----------------------------------------+---------------------------------------------+
; Register name                          ; Reason for Removal                          ;
+----------------------------------------+---------------------------------------------+
; traba_1_vlsi:traba_1_vlsi|cnt[0..3]    ; Stuck at GND due to stuck port clock_enable ;
; traba_1_vlsi:traba_1_vlsi|pressed      ; Stuck at GND due to stuck port data_in      ;
; buzzer_en                              ; Stuck at GND due to stuck port data_in      ;
; buzzer:buzzer|square                   ; Lost fanout                                 ;
; buzzer:buzzer|cnt[0..20]               ; Lost fanout                                 ;
; Total Number of Removed Registers = 28 ;                                             ;
+----------------------------------------+---------------------------------------------+


+------------------------------------------------------------------------------------------------------------------+
; Removed Registers Triggering Further Register Optimizations                                                      ;
+---------------+---------------------------+----------------------------------------------------------------------+
; Register name ; Reason for Removal        ; Registers Removed due to This Register                               ;
+---------------+---------------------------+----------------------------------------------------------------------+
; buzzer_en     ; Stuck at GND              ; buzzer:buzzer|square, buzzer:buzzer|cnt[20], buzzer:buzzer|cnt[19],  ;
;               ; due to stuck port data_in ; buzzer:buzzer|cnt[18], buzzer:buzzer|cnt[17], buzzer:buzzer|cnt[16], ;
;               ;                           ; buzzer:buzzer|cnt[15], buzzer:buzzer|cnt[14], buzzer:buzzer|cnt[13], ;
;               ;                           ; buzzer:buzzer|cnt[12]                                                ;
+---------------+---------------------------+----------------------------------------------------------------------+


+------------------------------------------------------+
; General Register Statistics                          ;
+----------------------------------------------+-------+
; Statistic                                    ; Value ;
+----------------------------------------------+-------+
; Total registers                              ; 0     ;
; Number of registers using Synchronous Clear  ; 0     ;
; Number of registers using Synchronous Load   ; 0     ;
; Number of registers using Asynchronous Clear ; 0     ;
; Number of registers using Asynchronous Load  ; 0     ;
; Number of registers using Clock Enable       ; 0     ;
; Number of registers using Preset             ; 0     ;
+----------------------------------------------+-------+


+---------------------------------------------+
; Port Connectivity Checks: "buzzer:buzzer"   ;
+-----------+-------+----------+--------------+
; Port      ; Type  ; Severity ; Details      ;
+-----------+-------+----------+--------------+
; in_div[2] ; Input ; Info     ; Stuck at GND ;
; in_div[0] ; Input ; Info     ; Stuck at GND ;
+-----------+-------+----------+--------------+


+-----------------------------------------------------+
; Post-Synthesis Netlist Statistics for Top Partition ;
+-----------------------+-----------------------------+
; Type                  ; Count                       ;
+-----------------------+-----------------------------+
; boundary_port         ; 10                          ;
; cycloneiii_lcell_comb ; 2                           ;
;     normal            ; 2                           ;
;         0 data inputs ; 2                           ;
;                       ;                             ;
; Max LUT depth         ; 0.00                        ;
; Average LUT depth     ; 0.00                        ;
+-----------------------+-----------------------------+


+-------------------------------+
; Elapsed Time Per Partition    ;
+----------------+--------------+
; Partition Name ; Elapsed Time ;
+----------------+--------------+
; Top            ; 00:00:00     ;
+----------------+--------------+


+-------------------------------+
; Analysis & Synthesis Messages ;
+-------------------------------+
Info: *******************************************************************
Info: Running Quartus Prime Analysis & Synthesis
    Info: Version 20.1.1 Build 720 11/11/2020 SJ Lite Edition
    Info: Processing started: Fri Oct 21 19:17:56 2022
Info: Command: quartus_map --read_settings_files=on --write_settings_files=off traba_1_vlsi -c traba_1_vlsi_top
Warning (18236): Number of processors has not been specified which may cause overloading on shared machines.  Set the global assignment NUM_PARALLEL_PROCESSORS in your QSF to an appropriate value for best performance.
Info (20030): Parallel compilation is enabled and will use 8 of the 8 processors detected
Info (12021): Found 2 design units, including 1 entities, in source file traba_1_vlsi_top.vhd
    Info (12022): Found design unit 1: traba_1_vlsi_top-traba_1_vlsi_top File: C:/Users/Usuario/OneDrive/Documentos/Meuprojetoaula1/projetos-vhdl/Traba_1_vlsi/traba_1_vlsi_top.vhd Line: 20
    Info (12023): Found entity 1: traba_1_vlsi_top File: C:/Users/Usuario/OneDrive/Documentos/Meuprojetoaula1/projetos-vhdl/Traba_1_vlsi/traba_1_vlsi_top.vhd Line: 5
Info (12021): Found 2 design units, including 1 entities, in source file traba_1_vlsi.vhd
    Info (12022): Found design unit 1: traba_1_vlsi-traba_1_vlsi File: C:/Users/Usuario/OneDrive/Documentos/Meuprojetoaula1/projetos-vhdl/Traba_1_vlsi/traba_1_vlsi.vhd Line: 17
    Info (12023): Found entity 1: traba_1_vlsi File: C:/Users/Usuario/OneDrive/Documentos/Meuprojetoaula1/projetos-vhdl/Traba_1_vlsi/traba_1_vlsi.vhd Line: 5
Info (12021): Found 2 design units, including 1 entities, in source file synchro.vhd
    Info (12022): Found design unit 1: synchro-synchro File: C:/Users/Usuario/OneDrive/Documentos/Meuprojetoaula1/projetos-vhdl/Traba_1_vlsi/synchro.vhd Line: 16
    Info (12023): Found entity 1: synchro File: C:/Users/Usuario/OneDrive/Documentos/Meuprojetoaula1/projetos-vhdl/Traba_1_vlsi/synchro.vhd Line: 5
Info (12021): Found 2 design units, including 1 entities, in source file debounce.vhd
    Info (12022): Found design unit 1: debounce-debounce File: C:/Users/Usuario/OneDrive/Documentos/Meuprojetoaula1/projetos-vhdl/Traba_1_vlsi/debounce.vhd Line: 16
    Info (12023): Found entity 1: debounce File: C:/Users/Usuario/OneDrive/Documentos/Meuprojetoaula1/projetos-vhdl/Traba_1_vlsi/debounce.vhd Line: 5
Info (12021): Found 2 design units, including 1 entities, in source file buzzer.vhd
    Info (12022): Found design unit 1: buzzer-buzzer File: C:/Users/Usuario/OneDrive/Documentos/Meuprojetoaula1/projetos-vhdl/Traba_1_vlsi/buzzer.vhd Line: 16
    Info (12023): Found entity 1: buzzer File: C:/Users/Usuario/OneDrive/Documentos/Meuprojetoaula1/projetos-vhdl/Traba_1_vlsi/buzzer.vhd Line: 5
Info (12127): Elaborating entity "traba_1_vlsi_top" for the top level hierarchy
Warning (10541): VHDL Signal Declaration warning at traba_1_vlsi_top.vhd(26): used implicit default value for signal "btn2_sync" because signal was never assigned a value or an explicit default value. Use of implicit default value may introduce unintended design optimizations. File: C:/Users/Usuario/OneDrive/Documentos/Meuprojetoaula1/projetos-vhdl/Traba_1_vlsi/traba_1_vlsi_top.vhd Line: 26
Warning (10541): VHDL Signal Declaration warning at traba_1_vlsi_top.vhd(27): used implicit default value for signal "btn3_sync" because signal was never assigned a value or an explicit default value. Use of implicit default value may introduce unintended design optimizations. File: C:/Users/Usuario/OneDrive/Documentos/Meuprojetoaula1/projetos-vhdl/Traba_1_vlsi/traba_1_vlsi_top.vhd Line: 27
Info (12128): Elaborating entity "synchro" for hierarchy "synchro:synchro1_btn" File: C:/Users/Usuario/OneDrive/Documentos/Meuprojetoaula1/projetos-vhdl/Traba_1_vlsi/traba_1_vlsi_top.vhd Line: 85
Info (12128): Elaborating entity "traba_1_vlsi" for hierarchy "traba_1_vlsi:traba_1_vlsi" File: C:/Users/Usuario/OneDrive/Documentos/Meuprojetoaula1/projetos-vhdl/Traba_1_vlsi/traba_1_vlsi_top.vhd Line: 106
Info (12128): Elaborating entity "debounce" for hierarchy "debounce:debounce_1" File: C:/Users/Usuario/OneDrive/Documentos/Meuprojetoaula1/projetos-vhdl/Traba_1_vlsi/traba_1_vlsi_top.vhd Line: 114
Warning (10541): VHDL Signal Declaration warning at debounce.vhd(11): used implicit default value for signal "debounce_o" because signal was never assigned a value or an explicit default value. Use of implicit default value may introduce unintended design optimizations. File: C:/Users/Usuario/OneDrive/Documentos/Meuprojetoaula1/projetos-vhdl/Traba_1_vlsi/debounce.vhd Line: 11
Info (12128): Elaborating entity "buzzer" for hierarchy "buzzer:buzzer" File: C:/Users/Usuario/OneDrive/Documentos/Meuprojetoaula1/projetos-vhdl/Traba_1_vlsi/traba_1_vlsi_top.vhd Line: 138
Warning (13024): Output pins are stuck at VCC or GND
    Warning (13410): Pin "led_n[0]" is stuck at VCC File: C:/Users/Usuario/OneDrive/Documentos/Meuprojetoaula1/projetos-vhdl/Traba_1_vlsi/traba_1_vlsi_top.vhd Line: 13
    Warning (13410): Pin "led_n[1]" is stuck at VCC File: C:/Users/Usuario/OneDrive/Documentos/Meuprojetoaula1/projetos-vhdl/Traba_1_vlsi/traba_1_vlsi_top.vhd Line: 13
    Warning (13410): Pin "led_n[2]" is stuck at VCC File: C:/Users/Usuario/OneDrive/Documentos/Meuprojetoaula1/projetos-vhdl/Traba_1_vlsi/traba_1_vlsi_top.vhd Line: 13
    Warning (13410): Pin "led_n[3]" is stuck at VCC File: C:/Users/Usuario/OneDrive/Documentos/Meuprojetoaula1/projetos-vhdl/Traba_1_vlsi/traba_1_vlsi_top.vhd Line: 13
    Warning (13410): Pin "buzzer_o" is stuck at GND File: C:/Users/Usuario/OneDrive/Documentos/Meuprojetoaula1/projetos-vhdl/Traba_1_vlsi/traba_1_vlsi_top.vhd Line: 14
Info (17049): 22 registers lost all their fanouts during netlist optimizations.
Info (16010): Generating hard_block partition "hard_block:auto_generated_inst"
    Info (16011): Adding 0 node(s), including 0 DDIO, 0 PLL, 0 transceiver and 0 LCELL
Warning (21074): Design contains 5 input pin(s) that do not drive logic
    Warning (15610): No output dependent on input pin "clock" File: C:/Users/Usuario/OneDrive/Documentos/Meuprojetoaula1/projetos-vhdl/Traba_1_vlsi/traba_1_vlsi_top.vhd Line: 7
    Warning (15610): No output dependent on input pin "reset_n" File: C:/Users/Usuario/OneDrive/Documentos/Meuprojetoaula1/projetos-vhdl/Traba_1_vlsi/traba_1_vlsi_top.vhd Line: 8
    Warning (15610): No output dependent on input pin "btn1_n" File: C:/Users/Usuario/OneDrive/Documentos/Meuprojetoaula1/projetos-vhdl/Traba_1_vlsi/traba_1_vlsi_top.vhd Line: 10
    Warning (15610): No output dependent on input pin "btn2_n" File: C:/Users/Usuario/OneDrive/Documentos/Meuprojetoaula1/projetos-vhdl/Traba_1_vlsi/traba_1_vlsi_top.vhd Line: 11
    Warning (15610): No output dependent on input pin "btn3_n" File: C:/Users/Usuario/OneDrive/Documentos/Meuprojetoaula1/projetos-vhdl/Traba_1_vlsi/traba_1_vlsi_top.vhd Line: 12
Info (21057): Implemented 10 device resources after synthesis - the final resource count might be different
    Info (21058): Implemented 5 input pins
    Info (21059): Implemented 5 output pins
Info: Quartus Prime Analysis & Synthesis was successful. 0 errors, 16 warnings
    Info: Peak virtual memory: 4782 megabytes
    Info: Processing ended: Fri Oct 21 19:18:12 2022
    Info: Elapsed time: 00:00:16
    Info: Total CPU time (on all processors): 00:00:39


